Using pre-set license
Built from '2021.3/staging' branch; Version is '2021.3.23f1 (213b516bf396) revision 2177873'; Using compiler version '192829333'; Build Type 'Release'
OS: 'Windows 11  (10.0.22631) 64bit Core' Language: 'ja' Physical Memory: 32509 MB
BatchMode: 1, IsHumanControllingUs: 0, StartBugReporterOnCrash: 0, Is64bit: 1, IsPro: 1

COMMAND LINE ARGUMENTS:
C:\Program Files\Unity\Hub\Editor\2021.3.23f1\Editor\Unity.exe
-adb2
-batchMode
-noUpm
-name
AssetImportWorker0
-projectPath
C:/Users/rinlu/OneDrive/ドキュメント/unity/mocopi
-logFile
Logs/AssetImportWorker0.log
-srvPort
64615
Successfully changed project path to: C:/Users/rinlu/OneDrive/ドキュメント/unity/mocopi
C:/Users/rinlu/OneDrive/ドキュメント/unity/mocopi
[UnityMemory] Configuration Parameters - Can be set up in boot.config
    "memorysetup-bucket-allocator-granularity=16"
    "memorysetup-bucket-allocator-bucket-count=8"
    "memorysetup-bucket-allocator-block-size=33554432"
    "memorysetup-bucket-allocator-block-count=8"
    "memorysetup-main-allocator-block-size=16777216"
    "memorysetup-thread-allocator-block-size=16777216"
    "memorysetup-gfx-main-allocator-block-size=16777216"
    "memorysetup-gfx-thread-allocator-block-size=16777216"
    "memorysetup-cache-allocator-block-size=4194304"
    "memorysetup-typetree-allocator-block-size=2097152"
    "memorysetup-profiler-bucket-allocator-granularity=16"
    "memorysetup-profiler-bucket-allocator-bucket-count=8"
    "memorysetup-profiler-bucket-allocator-block-size=33554432"
    "memorysetup-profiler-bucket-allocator-block-count=8"
    "memorysetup-profiler-allocator-block-size=16777216"
    "memorysetup-profiler-editor-allocator-block-size=1048576"
    "memorysetup-temp-allocator-size-main=16777216"
    "memorysetup-job-temp-allocator-block-size=2097152"
    "memorysetup-job-temp-allocator-block-size-background=1048576"
    "memorysetup-job-temp-allocator-reduction-small-platforms=262144"
    "memorysetup-temp-allocator-size-background-worker=32768"
    "memorysetup-temp-allocator-size-job-worker=262144"
    "memorysetup-temp-allocator-size-preload-manager=33554432"
    "memorysetup-temp-allocator-size-nav-mesh-worker=65536"
    "memorysetup-temp-allocator-size-audio-worker=65536"
    "memorysetup-temp-allocator-size-cloud-worker=32768"
    "memorysetup-temp-allocator-size-gi-baking-worker=262144"
    "memorysetup-temp-allocator-size-gfx=262144"
Player connection [68284] Host "[IP] 192.168.11.3 [Port] 0 [Flags] 2 [Guid] 3451347806 [EditorId] 3451347806 [Version] 1048832 [Id] WindowsEditor(7,DESKTOP-NPDSB5N) [Debug] 1 [PackageName] WindowsEditor [ProjectName] Editor" joined multi-casting on [225.0.0.222:54997]...

Player connection [68284] Host "[IP] 192.168.11.3 [Port] 0 [Flags] 2 [Guid] 3451347806 [EditorId] 3451347806 [Version] 1048832 [Id] WindowsEditor(7,DESKTOP-NPDSB5N) [Debug] 1 [PackageName] WindowsEditor [ProjectName] Editor" joined alternative multi-casting on [225.0.0.222:34997]...

Refreshing native plugins compatible for Editor in 63.92 ms, found 4 plugins.
Preloading 0 native plugins for Editor in 0.00 ms.
Initialize engine version: 2021.3.23f1 (213b516bf396)
[Subsystems] Discovering subsystems at path C:/Program Files/Unity/Hub/Editor/2021.3.23f1/Editor/Data/Resources/UnitySubsystems
[Subsystems] Discovering subsystems at path C:/Users/rinlu/OneDrive/ドキュメント/unity/mocopi/Assets
GfxDevice: creating device client; threaded=0; jobified=0
Direct3D:
    Version:  Direct3D 11.0 [level 11.1]
    Renderer: NVIDIA GeForce RTX 3060 Laptop GPU (ID=0x2520)
    Vendor:   NVIDIA
    VRAM:     6010 MB
    Driver:   31.0.15.4584
Initialize mono
Mono path[0] = 'C:/Program Files/Unity/Hub/Editor/2021.3.23f1/Editor/Data/Managed'
Mono path[1] = 'C:/Program Files/Unity/Hub/Editor/2021.3.23f1/Editor/Data/MonoBleedingEdge/lib/mono/unityjit-win32'
Mono config path = 'C:/Program Files/Unity/Hub/Editor/2021.3.23f1/Editor/Data/MonoBleedingEdge/etc'
Using monoOptions --debugger-agent=transport=dt_socket,embedding=1,server=y,suspend=n,address=127.0.0.1:56196
Begin MonoManager ReloadAssembly
Registering precompiled unity dll's ...
Register platform support module: C:/Program Files/Unity/Hub/Editor/2021.3.23f1/Editor/Data/PlaybackEngines/WindowsStandaloneSupport/UnityEditor.WindowsStandalone.Extensions.dll
Registered in 0.003717 seconds.
Native extension for WindowsStandalone target not found
Refreshing native plugins compatible for Editor in 69.15 ms, found 4 plugins.
Preloading 0 native plugins for Editor in 0.00 ms.
Mono: successfully reloaded assembly
- Completed reload, in  0.565 seconds
Domain Reload Profiling:
	ReloadAssembly (565ms)
		BeginReloadAssembly (90ms)
			ExecutionOrderSort (0ms)
			DisableScriptedObjects (0ms)
			BackupInstance (0ms)
			ReleaseScriptingObjects (0ms)
			CreateAndSetChildDomain (1ms)
		EndReloadAssembly (387ms)
			LoadAssemblies (89ms)
			RebuildTransferFunctionScriptingTraits (0ms)
			SetupTypeCache (101ms)
			ReleaseScriptCaches (0ms)
			RebuildScriptCaches (23ms)
			SetupLoadedEditorAssemblies (220ms)
				LogAssemblyErrors (0ms)
				InitializePlatformSupportModulesInManaged (6ms)
				SetLoadedEditorAssemblies (0ms)
				RefreshPlugins (69ms)
				BeforeProcessingInitializeOnLoad (1ms)
				ProcessInitializeOnLoadAttributes (102ms)
				ProcessInitializeOnLoadMethodAttributes (41ms)
				AfterProcessingInitializeOnLoad (0ms)
				EditorAssembliesLoaded (0ms)
			ExecutionOrderSort2 (0ms)
			AwakeInstancesAfterBackupRestoration (0ms)
Platform modules already initialized, skipping
Registering precompiled user dll's ...
Registered in 0.003788 seconds.
Begin MonoManager ReloadAssembly
Symbol file LoadedFromMemory doesn't match image C:\Users\rinlu\OneDrive\ドキュメント\unity\mocopi\Library\PackageCache\com.unity.visualscripting@1.8.0\Editor\VisualScripting.Core\Dependencies\YamlDotNet\Unity.VisualScripting.YamlDotNet.dll
Symbol file LoadedFromMemory doesn't match image C:\Users\rinlu\OneDrive\ドキュメント\unity\mocopi\Library\PackageCache\com.unity.visualscripting@1.8.0\Editor\VisualScripting.Core\Dependencies\DotNetZip\Unity.VisualScripting.IonicZip.dll
Native extension for WindowsStandalone target not found
Refreshing native plugins compatible for Editor in 0.49 ms, found 4 plugins.
Preloading 0 native plugins for Editor in 0.00 ms.
Mono: successfully reloaded assembly
- Completed reload, in  0.834 seconds
Domain Reload Profiling:
	ReloadAssembly (835ms)
		BeginReloadAssembly (93ms)
			ExecutionOrderSort (0ms)
			DisableScriptedObjects (4ms)
			BackupInstance (0ms)
			ReleaseScriptingObjects (0ms)
			CreateAndSetChildDomain (16ms)
		EndReloadAssembly (651ms)
			LoadAssemblies (71ms)
			RebuildTransferFunctionScriptingTraits (0ms)
			SetupTypeCache (244ms)
			ReleaseScriptCaches (0ms)
			RebuildScriptCaches (43ms)
			SetupLoadedEditorAssemblies (266ms)
				LogAssemblyErrors (0ms)
				InitializePlatformSupportModulesInManaged (4ms)
				SetLoadedEditorAssemblies (0ms)
				RefreshPlugins (1ms)
				BeforeProcessingInitializeOnLoad (73ms)
				ProcessInitializeOnLoadAttributes (170ms)
				ProcessInitializeOnLoadMethodAttributes (15ms)
				AfterProcessingInitializeOnLoad (4ms)
				EditorAssembliesLoaded (0ms)
			ExecutionOrderSort2 (0ms)
			AwakeInstancesAfterBackupRestoration (6ms)
Platform modules already initialized, skipping
========================================================================
Worker process is ready to serve import requests
Launched and connected shader compiler UnityShaderCompiler.exe after 0.04 seconds
Refreshing native plugins compatible for Editor in 0.58 ms, found 4 plugins.
Preloading 0 native plugins for Editor in 0.00 ms.
Unloading 3056 Unused Serialized files (Serialized files now loaded: 0)
Unloading 28 unused Assets / (113.5 KB). Loaded Objects now: 3516.
Memory consumption went from 114.1 MB to 114.0 MB.
Total: 2.760800 ms (FindLiveObjects: 0.216900 ms CreateObjectMapping: 0.068300 ms MarkObjects: 2.376800 ms  DeleteObjects: 0.097800 ms)

AssetImportParameters requested are different than current active one (requested -> active):
  custom:video-decoder-ogg-theora: a1e56fd34408186e4bbccfd4996cb3dc -> 
  custom:container-muxer-webm: aa71ff27fc2769a1b78a27578f13a17b -> 
  custom:container-demuxer-webm: 4f35f7cbe854078d1ac9338744f61a02 -> 
  custom:video-encoder-webm-vp8: eb34c28f22e8b96e1ab97ce403110664 -> 
  custom:video-codec-MediaFoundation-h265: 746d11721c4dcdbdad8f713fa42b33f4 -> 
  custom:audio-encoder-webm-vorbis: bf7c407c2cedff20999df2af8eb42d56 -> 
  custom:framework-win-MediaFoundation: 216162199b28c13a410421893ffa2e32 -> 
  custom:container-demuxer-ogg: 62fdf1f143b41e24485cea50d1cbac27 -> 
  custom:video-decoder-webm-vp8: 9c59270c3fd7afecdb556c50c9e8de78 -> 
  custom:audio-decoder-ogg-vorbis: bf7c407c2cedff20999df2af8eb42d56 -> 
========================================================================
Received Import Request.
  Time since last request: 1319775.235625 seconds.
  path: Assets
  artifactKey: Guid(00000000000000001000000000000000) Importer(815301076,1909f56bfc062723c751e8b465ee728b)
Start importing Assets using Guid(00000000000000001000000000000000) Importer(815301076,1909f56bfc062723c751e8b465ee728b)  -> (artifact id: '79842766b460edbeab6a34051e857a80') in 0.006144 seconds 
========================================================================
Received Import Request.
  Time since last request: 219.415516 seconds.
  path: Assets/donmy_slice.fbx
  artifactKey: Guid(f77e6a61d4d134e439aa55ee5f199599) Importer(815301076,1909f56bfc062723c751e8b465ee728b)
Start importing Assets/donmy_slice.fbx using Guid(f77e6a61d4d134e439aa55ee5f199599) Importer(815301076,1909f56bfc062723c751e8b465ee728b)  -> (artifact id: '004abb7331f2d58ffd40f96234a8d51f') in 0.317690 seconds 
========================================================================
Received Import Request.
  Time since last request: 10.762404 seconds.
  path: Assets/donmy_slice.fbx
  artifactKey: Guid(f77e6a61d4d134e439aa55ee5f199599) Importer(815301076,1909f56bfc062723c751e8b465ee728b)
Start importing Assets/donmy_slice.fbx using Guid(f77e6a61d4d134e439aa55ee5f199599) Importer(815301076,1909f56bfc062723c751e8b465ee728b)  -> (artifact id: 'c563faadd862e5da4f77b86d769f071b') in 0.171756 seconds 
========================================================================
Received Import Request.
  Time since last request: 31.414621 seconds.
  path: Assets/donmy_slice.fbx
  artifactKey: Guid(f77e6a61d4d134e439aa55ee5f199599) Importer(815301076,1909f56bfc062723c751e8b465ee728b)
Start importing Assets/donmy_slice.fbx using Guid(f77e6a61d4d134e439aa55ee5f199599) Importer(815301076,1909f56bfc062723c751e8b465ee728b)  -> (artifact id: 'ee47e48560aa6ee16b3866ea79cdce47') in 0.159944 seconds 
========================================================================
Received Import Request.
  Time since last request: 0.000023 seconds.
  path: Assets/lambert10.mat
  artifactKey: Guid(67398b947d335834bb2fa122ac99fef0) Importer(815301076,1909f56bfc062723c751e8b465ee728b)
Start importing Assets/lambert10.mat using Guid(67398b947d335834bb2fa122ac99fef0) Importer(815301076,1909f56bfc062723c751e8b465ee728b)  -> (artifact id: '363263227e70fec09cb0cfe7c3ec8db3') in 0.011571 seconds 
========================================================================
Received Import Request.
  Time since last request: 0.000040 seconds.
  path: Assets/lambert6.mat
  artifactKey: Guid(95175816afac43440adbfdafc1be4809) Importer(815301076,1909f56bfc062723c751e8b465ee728b)
Start importing Assets/lambert6.mat using Guid(95175816afac43440adbfdafc1be4809) Importer(815301076,1909f56bfc062723c751e8b465ee728b)  -> (artifact id: '7593627685a7d77cb11d2ca5ab7e16e6') in 0.008498 seconds 
========================================================================
Received Import Request.
  Time since last request: 0.000024 seconds.
  path: Assets/lambert13.mat
  artifactKey: Guid(3134c627e6297a74aac4a36b73b863b7) Importer(815301076,1909f56bfc062723c751e8b465ee728b)
Start importing Assets/lambert13.mat using Guid(3134c627e6297a74aac4a36b73b863b7) Importer(815301076,1909f56bfc062723c751e8b465ee728b)  -> (artifact id: '953315b72057ff544ad3370b4ae65a5e') in 0.009066 seconds 
========================================================================
Received Import Request.
  Time since last request: 0.000019 seconds.
  path: Assets/lambert12.mat
  artifactKey: Guid(deb63ec76d2e9a24e9d7234f7dacd043) Importer(815301076,1909f56bfc062723c751e8b465ee728b)
Start importing Assets/lambert12.mat using Guid(deb63ec76d2e9a24e9d7234f7dacd043) Importer(815301076,1909f56bfc062723c751e8b465ee728b)  -> (artifact id: 'c6c6743edc70035970fd52ad2336d29b') in 0.008037 seconds 
========================================================================
Received Import Request.
  Time since last request: 0.000019 seconds.
  path: Assets/lambert8.mat
  artifactKey: Guid(47b1719570646ae44a5aee76cb11c851) Importer(815301076,1909f56bfc062723c751e8b465ee728b)
Start importing Assets/lambert8.mat using Guid(47b1719570646ae44a5aee76cb11c851) Importer(815301076,1909f56bfc062723c751e8b465ee728b)  -> (artifact id: '0e2885090071316422e1b30144b03f4c') in 0.008999 seconds 
========================================================================
Received Import Request.
  Time since last request: 0.000016 seconds.
  path: Assets/lambert14.mat
  artifactKey: Guid(a98edc00a75d4984b83db6b300e2e047) Importer(815301076,1909f56bfc062723c751e8b465ee728b)
Start importing Assets/lambert14.mat using Guid(a98edc00a75d4984b83db6b300e2e047) Importer(815301076,1909f56bfc062723c751e8b465ee728b)  -> (artifact id: '1431007044beae3de2434466fdf8cafb') in 0.007832 seconds 
Editor requested this worker to shutdown with reason: Scaling down because of idle timeout
AssetImportWorker is now disconnected from the server
Process exiting
Exiting without the bug reporter. Application will terminate with return code 0