Using pre-set license
Built from '2021.3/staging' branch; Version is '2021.3.23f1 (213b516bf396) revision 2177873'; Using compiler version '192829333'; Build Type 'Release'
OS: 'Windows 11  (10.0.22631) 64bit Core' Language: 'ja' Physical Memory: 32509 MB
BatchMode: 1, IsHumanControllingUs: 0, StartBugReporterOnCrash: 0, Is64bit: 1, IsPro: 1

COMMAND LINE ARGUMENTS:
C:\Program Files\Unity\Hub\Editor\2021.3.23f1\Editor\Unity.exe
-adb2
-batchMode
-noUpm
-name
AssetImportWorker1
-projectPath
C:/Users/rinlu/OneDrive/ドキュメント/unity/mocopi
-logFile
Logs/AssetImportWorker1.log
-srvPort
64615
Successfully changed project path to: C:/Users/rinlu/OneDrive/ドキュメント/unity/mocopi
C:/Users/rinlu/OneDrive/ドキュメント/unity/mocopi
[UnityMemory] Configuration Parameters - Can be set up in boot.config
    "memorysetup-bucket-allocator-granularity=16"
    "memorysetup-bucket-allocator-bucket-count=8"
    "memorysetup-bucket-allocator-block-size=33554432"
    "memorysetup-bucket-allocator-block-count=8"
    "memorysetup-main-allocator-block-size=16777216"
    "memorysetup-thread-allocator-block-size=16777216"
    "memorysetup-gfx-main-allocator-block-size=16777216"
    "memorysetup-gfx-thread-allocator-block-size=16777216"
    "memorysetup-cache-allocator-block-size=4194304"
    "memorysetup-typetree-allocator-block-size=2097152"
    "memorysetup-profiler-bucket-allocator-granularity=16"
    "memorysetup-profiler-bucket-allocator-bucket-count=8"
    "memorysetup-profiler-bucket-allocator-block-size=33554432"
    "memorysetup-profiler-bucket-allocator-block-count=8"
    "memorysetup-profiler-allocator-block-size=16777216"
    "memorysetup-profiler-editor-allocator-block-size=1048576"
    "memorysetup-temp-allocator-size-main=16777216"
    "memorysetup-job-temp-allocator-block-size=2097152"
    "memorysetup-job-temp-allocator-block-size-background=1048576"
    "memorysetup-job-temp-allocator-reduction-small-platforms=262144"
    "memorysetup-temp-allocator-size-background-worker=32768"
    "memorysetup-temp-allocator-size-job-worker=262144"
    "memorysetup-temp-allocator-size-preload-manager=33554432"
    "memorysetup-temp-allocator-size-nav-mesh-worker=65536"
    "memorysetup-temp-allocator-size-audio-worker=65536"
    "memorysetup-temp-allocator-size-cloud-worker=32768"
    "memorysetup-temp-allocator-size-gi-baking-worker=262144"
    "memorysetup-temp-allocator-size-gfx=262144"
Player connection [66200] Host "[IP] 192.168.11.3 [Port] 0 [Flags] 2 [Guid] 1048983219 [EditorId] 1048983219 [Version] 1048832 [Id] WindowsEditor(7,DESKTOP-NPDSB5N) [Debug] 1 [PackageName] WindowsEditor [ProjectName] Editor" joined multi-casting on [225.0.0.222:54997]...

Player connection [66200] Host "[IP] 192.168.11.3 [Port] 0 [Flags] 2 [Guid] 1048983219 [EditorId] 1048983219 [Version] 1048832 [Id] WindowsEditor(7,DESKTOP-NPDSB5N) [Debug] 1 [PackageName] WindowsEditor [ProjectName] Editor" joined alternative multi-casting on [225.0.0.222:34997]...

Refreshing native plugins compatible for Editor in 74.88 ms, found 4 plugins.
Preloading 0 native plugins for Editor in 0.00 ms.
Initialize engine version: 2021.3.23f1 (213b516bf396)
[Subsystems] Discovering subsystems at path C:/Program Files/Unity/Hub/Editor/2021.3.23f1/Editor/Data/Resources/UnitySubsystems
[Subsystems] Discovering subsystems at path C:/Users/rinlu/OneDrive/ドキュメント/unity/mocopi/Assets
GfxDevice: creating device client; threaded=0; jobified=0
Direct3D:
    Version:  Direct3D 11.0 [level 11.1]
    Renderer: NVIDIA GeForce RTX 3060 Laptop GPU (ID=0x2520)
    Vendor:   NVIDIA
    VRAM:     6010 MB
    Driver:   31.0.15.4584
Initialize mono
Mono path[0] = 'C:/Program Files/Unity/Hub/Editor/2021.3.23f1/Editor/Data/Managed'
Mono path[1] = 'C:/Program Files/Unity/Hub/Editor/2021.3.23f1/Editor/Data/MonoBleedingEdge/lib/mono/unityjit-win32'
Mono config path = 'C:/Program Files/Unity/Hub/Editor/2021.3.23f1/Editor/Data/MonoBleedingEdge/etc'
Using monoOptions --debugger-agent=transport=dt_socket,embedding=1,server=y,suspend=n,address=127.0.0.1:56472
Begin MonoManager ReloadAssembly
Registering precompiled unity dll's ...
Register platform support module: C:/Program Files/Unity/Hub/Editor/2021.3.23f1/Editor/Data/PlaybackEngines/WindowsStandaloneSupport/UnityEditor.WindowsStandalone.Extensions.dll
Registered in 0.003336 seconds.
Native extension for WindowsStandalone target not found
Refreshing native plugins compatible for Editor in 72.63 ms, found 4 plugins.
Preloading 0 native plugins for Editor in 0.00 ms.
Mono: successfully reloaded assembly
- Completed reload, in  0.550 seconds
Domain Reload Profiling:
	ReloadAssembly (551ms)
		BeginReloadAssembly (81ms)
			ExecutionOrderSort (0ms)
			DisableScriptedObjects (0ms)
			BackupInstance (0ms)
			ReleaseScriptingObjects (0ms)
			CreateAndSetChildDomain (1ms)
		EndReloadAssembly (387ms)
			LoadAssemblies (80ms)
			RebuildTransferFunctionScriptingTraits (0ms)
			SetupTypeCache (94ms)
			ReleaseScriptCaches (0ms)
			RebuildScriptCaches (22ms)
			SetupLoadedEditorAssemblies (230ms)
				LogAssemblyErrors (0ms)
				InitializePlatformSupportModulesInManaged (6ms)
				SetLoadedEditorAssemblies (0ms)
				RefreshPlugins (73ms)
				BeforeProcessingInitializeOnLoad (1ms)
				ProcessInitializeOnLoadAttributes (110ms)
				ProcessInitializeOnLoadMethodAttributes (40ms)
				AfterProcessingInitializeOnLoad (0ms)
				EditorAssembliesLoaded (0ms)
			ExecutionOrderSort2 (0ms)
			AwakeInstancesAfterBackupRestoration (0ms)
Platform modules already initialized, skipping
Registering precompiled user dll's ...
Registered in 0.007530 seconds.
Begin MonoManager ReloadAssembly
Symbol file LoadedFromMemory doesn't match image C:\Users\rinlu\OneDrive\ドキュメント\unity\mocopi\Library\PackageCache\com.unity.visualscripting@1.8.0\Editor\VisualScripting.Core\Dependencies\YamlDotNet\Unity.VisualScripting.YamlDotNet.dll
Symbol file LoadedFromMemory doesn't match image C:\Users\rinlu\OneDrive\ドキュメント\unity\mocopi\Library\PackageCache\com.unity.visualscripting@1.8.0\Editor\VisualScripting.Core\Dependencies\DotNetZip\Unity.VisualScripting.IonicZip.dll
Native extension for WindowsStandalone target not found
Refreshing native plugins compatible for Editor in 0.46 ms, found 4 plugins.
Preloading 0 native plugins for Editor in 0.00 ms.
Mono: successfully reloaded assembly
- Completed reload, in  0.821 seconds
Domain Reload Profiling:
	ReloadAssembly (822ms)
		BeginReloadAssembly (100ms)
			ExecutionOrderSort (0ms)
			DisableScriptedObjects (4ms)
			BackupInstance (0ms)
			ReleaseScriptingObjects (0ms)
			CreateAndSetChildDomain (16ms)
		EndReloadAssembly (639ms)
			LoadAssemblies (69ms)
			RebuildTransferFunctionScriptingTraits (0ms)
			SetupTypeCache (227ms)
			ReleaseScriptCaches (0ms)
			RebuildScriptCaches (46ms)
			SetupLoadedEditorAssemblies (274ms)
				LogAssemblyErrors (0ms)
				InitializePlatformSupportModulesInManaged (3ms)
				SetLoadedEditorAssemblies (0ms)
				RefreshPlugins (1ms)
				BeforeProcessingInitializeOnLoad (64ms)
				ProcessInitializeOnLoadAttributes (186ms)
				ProcessInitializeOnLoadMethodAttributes (15ms)
				AfterProcessingInitializeOnLoad (5ms)
				EditorAssembliesLoaded (0ms)
			ExecutionOrderSort2 (0ms)
			AwakeInstancesAfterBackupRestoration (6ms)
Platform modules already initialized, skipping
========================================================================
Worker process is ready to serve import requests
Launched and connected shader compiler UnityShaderCompiler.exe after 0.04 seconds
Refreshing native plugins compatible for Editor in 0.47 ms, found 4 plugins.
Preloading 0 native plugins for Editor in 0.00 ms.
Unloading 3056 Unused Serialized files (Serialized files now loaded: 0)
Unloading 28 unused Assets / (113.5 KB). Loaded Objects now: 3516.
Memory consumption went from 114.1 MB to 114.0 MB.
Total: 2.584700 ms (FindLiveObjects: 0.290400 ms CreateObjectMapping: 0.075600 ms MarkObjects: 2.119300 ms  DeleteObjects: 0.098100 ms)

AssetImportParameters requested are different than current active one (requested -> active):
  custom:video-decoder-ogg-theora: a1e56fd34408186e4bbccfd4996cb3dc -> 
  custom:container-muxer-webm: aa71ff27fc2769a1b78a27578f13a17b -> 
  custom:container-demuxer-webm: 4f35f7cbe854078d1ac9338744f61a02 -> 
  custom:video-encoder-webm-vp8: eb34c28f22e8b96e1ab97ce403110664 -> 
  custom:video-codec-MediaFoundation-h265: 746d11721c4dcdbdad8f713fa42b33f4 -> 
  custom:audio-encoder-webm-vorbis: bf7c407c2cedff20999df2af8eb42d56 -> 
  custom:framework-win-MediaFoundation: 216162199b28c13a410421893ffa2e32 -> 
  custom:container-demuxer-ogg: 62fdf1f143b41e24485cea50d1cbac27 -> 
  custom:video-decoder-webm-vp8: 9c59270c3fd7afecdb556c50c9e8de78 -> 
  custom:audio-decoder-ogg-vorbis: bf7c407c2cedff20999df2af8eb42d56 -> 
========================================================================
Received Import Request.
  Time since last request: 1320037.344168 seconds.
  path: Assets/lambert4.mat
  artifactKey: Guid(705d48e55136beb47a433d97cad69ead) Importer(815301076,1909f56bfc062723c751e8b465ee728b)
Start importing Assets/lambert4.mat using Guid(705d48e55136beb47a433d97cad69ead) Importer(815301076,1909f56bfc062723c751e8b465ee728b)  -> (artifact id: '814083c12ae4a199c25081d016f0b8e7') in 0.143633 seconds 
========================================================================
Received Import Request.
  Time since last request: 0.000029 seconds.
  path: Assets/lambert11.mat
  artifactKey: Guid(2ca6d462e3cbd2e49aa38f474cf38e35) Importer(815301076,1909f56bfc062723c751e8b465ee728b)
Start importing Assets/lambert11.mat using Guid(2ca6d462e3cbd2e49aa38f474cf38e35) Importer(815301076,1909f56bfc062723c751e8b465ee728b)  -> (artifact id: '1c8141b5895a544b183207c865b1bdf2') in 0.009941 seconds 
========================================================================
Received Import Request.
  Time since last request: 0.000035 seconds.
  path: Assets/lambert15.mat
  artifactKey: Guid(3ef9301640609dc4bb52c8579f53376b) Importer(815301076,1909f56bfc062723c751e8b465ee728b)
Start importing Assets/lambert15.mat using Guid(3ef9301640609dc4bb52c8579f53376b) Importer(815301076,1909f56bfc062723c751e8b465ee728b)  -> (artifact id: '6463af33738c8460d9d3839db9019c07') in 0.007191 seconds 
========================================================================
Received Import Request.
  Time since last request: 0.000044 seconds.
  path: Assets/lambert9.mat
  artifactKey: Guid(65bc8f3fa1fd22746af60d22dbd328a0) Importer(815301076,1909f56bfc062723c751e8b465ee728b)
Start importing Assets/lambert9.mat using Guid(65bc8f3fa1fd22746af60d22dbd328a0) Importer(815301076,1909f56bfc062723c751e8b465ee728b)  -> (artifact id: '0fb410e401cde0fe39f33ad7aa8fdf46') in 0.009300 seconds 
========================================================================
Received Import Request.
  Time since last request: 0.000030 seconds.
  path: Assets/lambert17.mat
  artifactKey: Guid(c4ad2e52641526d4189a2929380ac578) Importer(815301076,1909f56bfc062723c751e8b465ee728b)
Start importing Assets/lambert17.mat using Guid(c4ad2e52641526d4189a2929380ac578) Importer(815301076,1909f56bfc062723c751e8b465ee728b)  -> (artifact id: '6fb1585122996eaca0b7685cfd0578e0') in 0.009246 seconds 
========================================================================
Received Import Request.
  Time since last request: 0.000024 seconds.
  path: Assets/lambert5.mat
  artifactKey: Guid(c760a654a0c35bd49ad071f797c4b9d9) Importer(815301076,1909f56bfc062723c751e8b465ee728b)
Start importing Assets/lambert5.mat using Guid(c760a654a0c35bd49ad071f797c4b9d9) Importer(815301076,1909f56bfc062723c751e8b465ee728b)  -> (artifact id: '35b1dbdcaf19d5428f7fd2f0b8bb4afc') in 0.008717 seconds 
========================================================================
Received Import Request.
  Time since last request: 0.000023 seconds.
  path: Assets/lambert16.mat
  artifactKey: Guid(f708400475c2dcd42a2e62e70e9c2cdd) Importer(815301076,1909f56bfc062723c751e8b465ee728b)
Start importing Assets/lambert16.mat using Guid(f708400475c2dcd42a2e62e70e9c2cdd) Importer(815301076,1909f56bfc062723c751e8b465ee728b)  -> (artifact id: 'c733817748c6c241c37f55d85601c073') in 0.009124 seconds 
========================================================================
Received Import Request.
  Time since last request: 0.000019 seconds.
  path: Assets/lambert7.mat
  artifactKey: Guid(ee2f71ddc435a9240a097505b8d2bdca) Importer(815301076,1909f56bfc062723c751e8b465ee728b)
Start importing Assets/lambert7.mat using Guid(ee2f71ddc435a9240a097505b8d2bdca) Importer(815301076,1909f56bfc062723c751e8b465ee728b)  -> (artifact id: '2983f034adf0d83f7329e41f7f05b807') in 0.007428 seconds 
Editor requested this worker to shutdown with reason: Scaling down because of idle timeout
AssetImportWorker is now disconnected from the server
Process exiting
Exiting without the bug reporter. Application will terminate with return code 0